<?xml version="1.0" encoding="UTF-8"?>
<!-- Generated by org.testng.reporters.JUnitReportReporter -->
<testsuite hostname="DESKTOP-G39F81O" failures="0" tests="1" name="Luma_Testcases.Luma_RegisterTest_002" time="3.235" errors="0" timestamp="2024-05-16T18:01:12 IST" skipped="0">
  <testcase classname="Luma_Testcases.Luma_RegisterTest_002" name="registerTest" time="3.235"/>
</testsuite> <!-- Luma_Testcases.Luma_RegisterTest_002 -->
