<?xml version="1.0" encoding="UTF-8"?>
<!-- Generated by org.testng.reporters.JUnitReportReporter -->
<testsuite hostname="DESKTOP-J7DNQ9P" failures="0" tests="1" name="Luma_Testcases.Luma_LoginTest_001" time="13.306" errors="0" timestamp="2024-05-15T15:25:34 IST" skipped="0">
  <testcase classname="Luma_Testcases.Luma_LoginTest_001" name="Logintest" time="13.306"/>
</testsuite> <!-- Luma_Testcases.Luma_LoginTest_001 -->
