<?xml version="1.0" encoding="UTF-8"?>
<!-- Generated by org.testng.reporters.JUnitReportReporter -->
<testsuite hostname="DESKTOP-G39F81O" failures="0" tests="1" name="Luma_Testcases.Luma_LoginTest_001" time="9.649" errors="0" timestamp="2024-05-16T17:58:40 IST" skipped="0">
  <testcase classname="Luma_Testcases.Luma_LoginTest_001" name="Logintest" time="9.649"/>
</testsuite> <!-- Luma_Testcases.Luma_LoginTest_001 -->
